<?xml version="1.0" encoding="UTF-8"?>
<!-- Generated by org.testng.reporters.JUnitReportReporter -->
<testsuite skipped="0" hostname="KNOLSKAPE-L102" name="OauthDemo.GenerateOauthToken" tests="1" failures="0" timestamp="28 Sep 2019 17:59:21 GMT" time="3.501" errors="0">
  <testcase name="generateToken" time="3.501" classname="OauthDemo.GenerateOauthToken"/>
</testsuite> <!-- OauthDemo.GenerateOauthToken -->
