<?xml version="1.0" encoding="UTF-8"?>
<!-- Generated by org.testng.reporters.JUnitReportReporter -->
<testsuite skipped="0" hostname="KNOLSKAPE-L102" name="testcases.Ex3PostRequest" tests="1" failures="0" timestamp="27 Sep 2019 04:04:20 GMT" time="2.286" errors="0">
  <testcase name="postRequest" time="2.286" classname="testcases.Ex3PostRequest"/>
</testsuite> <!-- testcases.Ex3PostRequest -->
