<?xml version="1.0" encoding="UTF-8"?>
<!-- Generated by org.testng.reporters.JUnitReportReporter -->
<testsuite skipped="0" hostname="KNOLSKAPE-L102" name="OauthDemo.OAuth2Demo" tests="1" failures="0" timestamp="11 Oct 2019 09:46:19 GMT" time="3.522" errors="0">
  <testcase name="accessValidAPI" time="3.522" classname="OauthDemo.OAuth2Demo"/>
</testsuite> <!-- OauthDemo.OAuth2Demo -->
