<?xml version="1.0" encoding="UTF-8"?>
<!-- Generated by org.testng.reporters.JUnitReportReporter -->
<testsuite skipped="0" hostname="KNOLSKAPE-L102" name="testcases.Ex5PreemptiveAuth" tests="1" failures="0" timestamp="28 Sep 2019 08:06:59 GMT" time="2.014" errors="0">
  <testcase name="test1" time="2.014" classname="testcases.Ex5PreemptiveAuth"/>
</testsuite> <!-- testcases.Ex5PreemptiveAuth -->
