<?xml version="1.0" encoding="UTF-8"?>
<!-- Generated by org.testng.reporters.JUnitReportReporter -->
<testsuite skipped="0" hostname="KNOLSKAPE-L102" name="testcases.Example1GetRequestDataFromJSON" tests="1" failures="0" timestamp="26 Sep 2019 05:16:04 GMT" time="3.529" errors="0">
  <testcase name="verifyGetRequest" time="3.529" classname="testcases.Example1GetRequestDataFromJSON"/>
</testsuite> <!-- testcases.Example1GetRequestDataFromJSON -->
