<?xml version="1.0" encoding="UTF-8"?>
<!-- Generated by org.testng.reporters.JUnitReportReporter -->
<testsuite skipped="0" hostname="KNOLSKAPE-L102" name="OauthDemo.OAuth1Demo" tests="2" failures="0" timestamp="22 Oct 2019 11:10:22 GMT" time="4.715" errors="0">
  <testcase name="postTweet" time="3.327" classname="OauthDemo.OAuth1Demo"/>
  <testcase name="deleteTweet" time="1.388" classname="OauthDemo.OAuth1Demo"/>
</testsuite> <!-- OauthDemo.OAuth1Demo -->
