<?xml version="1.0" encoding="UTF-8"?>
<!-- Generated by org.testng.reporters.JUnitReportReporter -->
<testsuite skipped="0" hostname="KNOLSKAPE-L102" name="OauthDemo.BhagvatgitaAPIOauth2" tests="2" failures="0" timestamp="02 Oct 2019 17:21:30 GMT" time="3.672" errors="0">
  <testcase name="getAcessToken" time="3.018" classname="OauthDemo.BhagvatgitaAPIOauth2"/>
  <testcase name="getVersesFromChapter" time="0.654" classname="OauthDemo.BhagvatgitaAPIOauth2"/>
</testsuite> <!-- OauthDemo.BhagvatgitaAPIOauth2 -->
