<?xml version="1.0" encoding="UTF-8"?>
<!-- Generated by org.testng.reporters.JUnitReportReporter -->
<testsuite skipped="0" hostname="KNOLSKAPE-L102" name="OauthDemo.PetfinderAPITestingOauth2" tests="2" failures="0" timestamp="03 Oct 2019 03:31:29 GMT" time="7.918" errors="0">
  <testcase name="getAnimalBasedOnID" time="4.810" classname="OauthDemo.PetfinderAPITestingOauth2"/>
  <testcase name="getFindAnimalsTest" time="3.108" classname="OauthDemo.PetfinderAPITestingOauth2"/>
</testsuite> <!-- OauthDemo.PetfinderAPITestingOauth2 -->
