<?xml version="1.0" encoding="UTF-8"?>
<!-- Generated by org.testng.reporters.JUnitReportReporter -->
<testsuite skipped="0" hostname="KNOLSKAPE-L102" name="OauthDemo.PetfinderAPITestingOauth1" tests="1" failures="0" timestamp="03 Oct 2019 03:16:14 GMT" time="3.306" errors="0">
  <testcase name="getFindAnimalsAPITest" time="3.306" classname="OauthDemo.PetfinderAPITestingOauth1"/>
</testsuite> <!-- OauthDemo.PetfinderAPITestingOauth1 -->
