<?xml version="1.0" encoding="UTF-8"?>
<!-- Generated by org.testng.reporters.JUnitReportReporter -->
<testsuite skipped="0" hostname="KNOLSKAPE-L102" name="testcases.CambridgeDictionaryAPITest" tests="1" failures="0" timestamp="02 Oct 2019 17:40:53 GMT" time="2.954" errors="0">
  <testcase name="getAllDictionaryInfo" time="2.954" classname="testcases.CambridgeDictionaryAPITest"/>
</testsuite> <!-- testcases.CambridgeDictionaryAPITest -->
