<?xml version="1.0" encoding="UTF-8"?>
<!-- Generated by org.testng.reporters.JUnitReportReporter -->
<testsuite skipped="0" hostname="KNOLSKAPE-L102" name="testcases.Example1GetRequest" tests="1" failures="0" timestamp="26 Sep 2019 05:13:55 GMT" time="4.174" errors="0">
  <testcase name="verifyGetRequest" time="4.174" classname="testcases.Example1GetRequest"/>
</testsuite> <!-- testcases.Example1GetRequest -->
