<?xml version="1.0" encoding="UTF-8"?>
<!-- Generated by org.testng.reporters.JUnitReportReporter -->
<testsuite skipped="0" hostname="KNOLSKAPE-L102" name="cookiesbasedauth.CreateIssueInJira" tests="2" failures="0" timestamp="29 Sep 2019 08:22:44 GMT" time="2.208" errors="0">
  <testcase name="createJSessionID" time="2.155" classname="cookiesbasedauth.CreateIssueInJira"/>
  <testcase name="createJiraTask" time="0.053" classname="cookiesbasedauth.CreateIssueInJira"/>
</testsuite> <!-- cookiesbasedauth.CreateIssueInJira -->
